# JRE version: OpenJDK Runtime Environment Homebrew (25.0) (build 25)
# Java VM: OpenJDK 64-Bit Server VM Homebrew (25, mixed mode, sharing, tiered, compressed oops, compressed class ptrs, parallel gc, bsd-aarch64)
GC Precious Log:
 CardTable entry size: 512
 CPUs: 8 total, 8 available
 Memory: 16384M
 Large Page Support: Disabled
 NUMA Support: Disabled
 Compressed Oops: Enabled (Zero based)
 Alignments: Space 512K, Generation 512K, Heap 8M
 Heap Min Capacity: 104M
 Heap Initial Capacity: 104M
 Heap Max Capacity: 2G
 Pre-touch: Disabled
 Parallel Workers: 8
Heap:
 PSYoungGen      total 31744K, used 28675K [0x00000007d5580000, 0x00000007d8400000, 0x0000000800000000)
  eden space 31232K, 90% used [0x00000007d5580000,0x00000007d7120ec0,0x00000007d7400000)
  from space 512K, 75% used [0x00000007d8380000,0x00000007d83e0000,0x00000007d8400000)
  to   space 4096K, 0% used [0x00000007d7c00000,0x00000007d7c00000,0x00000007d8000000)
 ParOldGen       total 323584K, used 323159K [0x0000000780000000, 0x0000000793c00000, 0x00000007d5580000)
  object space 323584K, 99% used [0x0000000780000000,0x0000000793b95fe0,0x0000000793c00000)
GC Heap Usage History (20 events):
Event: 1655.888 {heap Before GC invocations=64 (full 3):
 PSYoungGen      total 30720K, used 19916K [0x00000007d5580000, 0x00000007d8500000, 0x0000000800000000)
  eden space 30208K, 64% used [0x00000007d5580000,0x00000007d687aa98,0x00000007d7300000)
  from space 512K, 94% used [0x00000007d8480000,0x00000007d84f85a8,0x00000007d8500000)
  to   space 5632K, 0% used [0x00000007d7a00000,0x00000007d7a00000,0x00000007d7f80000)
 ParOldGen       total 242176K, used 241938K [0x0000000780000000, 0x000000078ec80000, 0x00000007d558000Event: 1655.890 {heap After GC invocations=64 (full 3):
 PSYoungGen      total 41984K, used 64K [0x00000007d5580000, 0x00000007d8500000, 0x0000000800000000)
  eden space 36352K, 0% used [0x00000007d5580000,0x00000007d5580000,0x00000007d7900000)
  from space 5632K, 1% used [0x00000007d7a00000,0x00000007d7a10000,0x00000007d7f80000)
  to   space 1536K, 0% used [0x00000007d8380000,0x00000007d8380000,0x00000007d8500000)
 ParOldGen       total 262144K, used 261547K [0x0000000780000000, 0x0000000790000000, 0x00000007d5580000)
  Event: 1676.225 {heap Before GC invocations=65 (full 3):
 PSYoungGen      total 41984K, used 36416K [0x00000007d5580000, 0x00000007d8500000, 0x0000000800000000)
  eden space 36352K, 100% used [0x00000007d5580000,0x00000007d7900000,0x00000007d7900000)
  from space 5632K, 1% used [0x00000007d7a00000,0x00000007d7a10000,0x00000007d7f80000)
  to   space 1536K, 0% used [0x00000007d8380000,0x00000007d8380000,0x00000007d8500000)
 ParOldGen       total 262144K, used 261547K [0x0000000780000000, 0x0000000790000000, 0x00000007d55800Event: 1676.228 {heap After GC invocations=65 (full 3):
 PSYoungGen      total 36864K, used 1526K [0x00000007d5580000, 0x00000007d8b00000, 0x0000000800000000)
  eden space 35328K, 0% used [0x00000007d5580000,0x00000007d5580000,0x00000007d7800000)
  from space 1536K, 99% used [0x00000007d8380000,0x00000007d84fd880,0x00000007d8500000)
  to   space 9728K, 0% used [0x00000007d7800000,0x00000007d7800000,0x00000007d8180000)
 ParOldGen       total 268288K, used 268003K [0x0000000780000000, 0x0000000790600000, 0x00000007d5580000)Event: 1676.342 {heap Before GC invocations=66 (full 3):
 PSYoungGen      total 36864K, used 34743K [0x00000007d5580000, 0x00000007d8b00000, 0x0000000800000000)
  eden space 35328K, 94% used [0x00000007d5580000,0x00000007d75f04b8,0x00000007d7800000)
  from space 1536K, 99% used [0x00000007d8380000,0x00000007d84fd880,0x00000007d8500000)
  to   space 9728K, 0% used [0x00000007d7800000,0x00000007d7800000,0x00000007d8180000)
 ParOldGen       total 268288K, used 268003K [0x0000000780000000, 0x0000000790600000, 0x00000007d55800Event: 1676.344 {heap After GC invocations=66 (full 3):
 PSYoungGen      total 43008K, used 8048K [0x00000007d5580000, 0x00000007d8880000, 0x0000000800000000)
  eden space 34816K, 0% used [0x00000007d5580000,0x00000007d5580000,0x00000007d7780000)
  from space 8192K, 98% used [0x00000007d7800000,0x00000007d7fdc020,0x00000007d8000000)
  to   space 8704K, 0% used [0x00000007d8000000,0x00000007d8000000,0x00000007d8880000)
 ParOldGen       total 268288K, used 268210K [0x0000000780000000, 0x0000000790600000, 0x00000007d5580000)Event: 2309.315 {heap Before GC invocations=67 (full 3):
 PSYoungGen      total 43008K, used 42864K [0x00000007d5580000, 0x00000007d8880000, 0x0000000800000000)
  eden space 34816K, 100% used [0x00000007d5580000,0x00000007d7780000,0x00000007d7780000)
  from space 8192K, 98% used [0x00000007d7800000,0x00000007d7fdc020,0x00000007d8000000)
  to   space 8704K, 0% used [0x00000007d8000000,0x00000007d8000000,0x00000007d8880000)
 ParOldGen       total 268288K, used 268210K [0x0000000780000000, 0x0000000790600000, 0x00000007d5580Event: 2309.324 {heap After GC invocations=67 (full 3):
 PSYoungGen      total 37376K, used 2950K [0x00000007d5580000, 0x00000007d8300000, 0x0000000800000000)
  eden space 34304K, 0% used [0x00000007d5580000,0x00000007d5580000,0x00000007d7700000)
  from space 3072K, 96% used [0x00000007d8000000,0x00000007d82e1870,0x00000007d8300000)
  to   space 5120K, 0% used [0x00000007d7900000,0x00000007d7900000,0x00000007d7e00000)
 ParOldGen       total 268800K, used 268330K [0x0000000780000000, 0x0000000790680000, 0x00000007d5580000)Event: 2309.480 {heap Before GC invocations=68 (full 3):
 PSYoungGen      total 37376K, used 37254K [0x00000007d5580000, 0x00000007d8300000, 0x0000000800000000)
  eden space 34304K, 100% used [0x00000007d5580000,0x00000007d7700000,0x00000007d7700000)
  from space 3072K, 96% used [0x00000007d8000000,0x00000007d82e1870,0x00000007d8300000)
  to   space 5120K, 0% used [0x00000007d7900000,0x00000007d7900000,0x00000007d7e00000)
 ParOldGen       total 268800K, used 268330K [0x0000000780000000, 0x0000000790680000, 0x00000007d5580Event: 2309.482 {heap After GC invocations=68 (full 3):
 PSYoungGen      total 38912K, used 4639K [0x00000007d5580000, 0x00000007d8080000, 0x0000000800000000)
  eden space 33792K, 0% used [0x00000007d5580000,0x00000007d5580000,0x00000007d7680000)
  from space 5120K, 90% used [0x00000007d7900000,0x00000007d7d87ea8,0x00000007d7e00000)
  to   space 2560K, 0% used [0x00000007d7e00000,0x00000007d7e00000,0x00000007d8080000)
 ParOldGen       total 268800K, used 268530K [0x0000000780000000, 0x0000000790680000, 0x00000007d5580000)Event: 2309.512 {heap Before GC invocations=69 (full 3):
 PSYoungGen      total 38912K, used 29149K [0x00000007d5580000, 0x00000007d8080000, 0x0000000800000000)
  eden space 33792K, 72% used [0x00000007d5580000,0x00000007d6d6f890,0x00000007d7680000)
  from space 5120K, 90% used [0x00000007d7900000,0x00000007d7d87ea8,0x00000007d7e00000)
  to   space 2560K, 0% used [0x00000007d7e00000,0x00000007d7e00000,0x00000007d8080000)
 ParOldGen       total 268800K, used 268530K [0x0000000780000000, 0x0000000790680000, 0x00000007d55800Event: 2309.514 {heap After GC invocations=69 (full 3):
 PSYoungGen      total 34304K, used 960K [0x00000007d5580000, 0x00000007d7f00000, 0x0000000800000000)
  eden space 33280K, 0% used [0x00000007d5580000,0x00000007d5580000,0x00000007d7600000)
  from space 1024K, 93% used [0x00000007d7e00000,0x00000007d7ef0000,0x00000007d7f00000)
  to   space 2560K, 0% used [0x00000007d7a00000,0x00000007d7a00000,0x00000007d7c80000)
 ParOldGen       total 289280K, used 288514K [0x0000000780000000, 0x0000000791a80000, 0x00000007d5580000)
Event: 2321.571 {heap Before GC invocations=70 (full 3):
 PSYoungGen      total 34304K, used 34240K [0x00000007d5580000, 0x00000007d7f00000, 0x0000000800000000)
  eden space 33280K, 100% used [0x00000007d5580000,0x00000007d7600000,0x00000007d7600000)
  from space 1024K, 93% used [0x00000007d7e00000,0x00000007d7ef0000,0x00000007d7f00000)
  to   space 2560K, 0% used [0x00000007d7a00000,0x00000007d7a00000,0x00000007d7c80000)
 ParOldGen       total 289280K, used 288514K [0x0000000780000000, 0x0000000791a80000, 0x00000007d5580Event: 2321.578 {heap After GC invocations=70 (full 3):
 PSYoungGen      total 35328K, used 2557K [0x00000007d5580000, 0x00000007d9b80000, 0x0000000800000000)
  eden space 32768K, 0% used [0x00000007d5580000,0x00000007d5580000,0x00000007d7580000)
  from space 2560K, 99% used [0x00000007d7a00000,0x00000007d7c7f490,0x00000007d7c80000)
  to   space 19456K, 0% used [0x00000007d8880000,0x00000007d8880000,0x00000007d9b80000)
 ParOldGen       total 302592K, used 302451K [0x0000000780000000, 0x0000000792780000, 0x00000007d5580000Event: 2321.603 {heap Before GC invocations=71 (full 3):
 PSYoungGen      total 35328K, used 24531K [0x00000007d5580000, 0x00000007d9b80000, 0x0000000800000000)
  eden space 32768K, 67% used [0x00000007d5580000,0x00000007d6af57c8,0x00000007d7580000)
  from space 2560K, 99% used [0x00000007d7a00000,0x00000007d7c7f490,0x00000007d7c80000)
  to   space 19456K, 0% used [0x00000007d8880000,0x00000007d8880000,0x00000007d9b80000)
 ParOldGen       total 302592K, used 302451K [0x0000000780000000, 0x0000000792780000, 0x00000007d5580Event: 2321.607 {heap After GC invocations=71 (full 3):
 PSYoungGen      total 40448K, used 8160K [0x00000007d5580000, 0x00000007d9080000, 0x0000000800000000)
  eden space 32256K, 0% used [0x00000007d5580000,0x00000007d5580000,0x00000007d7500000)
  from space 8192K, 99% used [0x00000007d8880000,0x00000007d9078010,0x00000007d9080000)
  to   space 11264K, 0% used [0x00000007d7a80000,0x00000007d7a80000,0x00000007d8580000)
 ParOldGen       total 314368K, used 314065K [0x0000000780000000, 0x0000000793300000, 0x00000007d5580000Event: 6519.503 {heap Before GC invocations=72 (full 3):
 PSYoungGen      total 40448K, used 40386K [0x00000007d5580000, 0x00000007d9080000, 0x0000000800000000)
  eden space 32256K, 99% used [0x00000007d5580000,0x00000007d74f8a68,0x00000007d7500000)
  from space 8192K, 99% used [0x00000007d8880000,0x00000007d9078010,0x00000007d9080000)
  to   space 11264K, 0% used [0x00000007d7a80000,0x00000007d7a80000,0x00000007d8580000)
 ParOldGen       total 314368K, used 314065K [0x0000000780000000, 0x0000000793300000, 0x00000007d5580Event: 6519.519 {heap After GC invocations=72 (full 3):
 PSYoungGen      total 40960K, used 9146K [0x00000007d5580000, 0x00000007d8900000, 0x0000000800000000)
  eden space 31744K, 0% used [0x00000007d5580000,0x00000007d5580000,0x00000007d7480000)
  from space 9216K, 99% used [0x00000007d7a80000,0x00000007d836eba0,0x00000007d8380000)
  to   space 5632K, 0% used [0x00000007d8380000,0x00000007d8380000,0x00000007d8900000)
 ParOldGen       total 314368K, used 314225K [0x0000000780000000, 0x0000000793300000, 0x00000007d5580000)Event: 6520.191 {heap Before GC invocations=73 (full 3):
 PSYoungGen      total 40960K, used 40890K [0x00000007d5580000, 0x00000007d8900000, 0x0000000800000000)
  eden space 31744K, 100% used [0x00000007d5580000,0x00000007d7480000,0x00000007d7480000)
  from space 9216K, 99% used [0x00000007d7a80000,0x00000007d836eba0,0x00000007d8380000)
  to   space 5632K, 0% used [0x00000007d8380000,0x00000007d8380000,0x00000007d8900000)
 ParOldGen       total 314368K, used 314225K [0x0000000780000000, 0x0000000793300000, 0x00000007d5580Event: 6520.195 {heap After GC invocations=73 (full 3):
 PSYoungGen      total 31744K, used 384K [0x00000007d5580000, 0x00000007d8400000, 0x0000000800000000)
  eden space 31232K, 0% used [0x00000007d5580000,0x00000007d5580000,0x00000007d7400000)
  from space 512K, 75% used [0x00000007d8380000,0x00000007d83e0000,0x00000007d8400000)
  to   space 4096K, 0% used [0x00000007d7c00000,0x00000007d7c00000,0x00000007d8000000)
 ParOldGen       total 323584K, used 323159K [0x0000000780000000, 0x0000000793c00000, 0x00000007d5580000)
 
Metaspace Usage History (20 events):
Event: 1655.888 {metaspace Before GC invocations=64 (full 3):
 Metaspace       used 72041K, committed 73408K, reserved 1179648K
  class space    used 6428K, committed 7040K, reserved 1048576K
}
Event: 1655.890 {metaspace After GC invocations=64 (full 3):
 Metaspace       used 72041K, committed 73408K, reserved 1179648K
  class space    used 6428K, committed 7040K, reserved 1048576K
}
Event: 1676.225 {metaspace Before GC invocations=65 (full 3):
 Metaspace       used 72233K, committed 73600K, reserved 1179648K
  class space    used 6429K, committed 7040K, reserved 1048576K
}
Event: 1676.228 {metaspace After GC invocations=65 (full 3):
 Metaspace       used 72233K, committed 73600K, reserved 1179648K
  class space    used 6429K, committed 7040K, reserved 1048576K
}
Event: 1676.343 {metaspace Before GC invocations=66 (full 3):
 Metaspace       used 72296K, committed 73664K, reserved 1179648K
  class space    used 6429K, committed 7040K, reserved 1048576K
}
Event: 1676.344 {metaspace After GC invocations=66 (full 3):
 Metaspace       used 72296K, committed 73664K, reserved 1179648K
  class space    used 6429K, committed 7040K, reserved 1048576K
}
Event: 2309.315 {metaspace Before GC invocations=67 (full 3):
 Metaspace       used 72337K, committed 73728K, reserved 1179648K
  class space    used 6429K, committed 7040K, reserved 1048576K
}
Event: 2309.324 {metaspace After GC invocations=67 (full 3):
 Metaspace       used 72337K, committed 73728K, reserved 1179648K
  class space    used 6429K, committed 7040K, reserved 1048576K
}
Event: 2309.480 {metaspace Before GC invocations=68 (full 3):
 Metaspace       used 72460K, committed 73856K, reserved 1179648K
  class space    used 6430K, committed 7040K, reserved 1048576K
}
Event: 2309.482 {metaspace After GC invocations=68 (full 3):
 Metaspace       used 72460K, committed 73856K, reserved 1179648K
  class space    used 6430K, committed 7040K, reserved 1048576K
}
Event: 2309.512 {metaspace Before GC invocations=69 (full 3):
 Metaspace       used 72521K, committed 73920K, reserved 1179648K
  class space    used 6430K, committed 7040K, reserved 1048576K
}
Event: 2309.514 {metaspace After GC invocations=69 (full 3):
 Metaspace       used 72521K, committed 73920K, reserved 1179648K
  class space    used 6430K, committed 7040K, reserved 1048576K
}
Event: 2321.571 {metaspace Before GC invocations=70 (full 3):
 Metaspace       used 72570K, committed 73984K, reserved 1179648K
  class space    used 6430K, committed 7040K, reserved 1048576K
}
Event: 2321.578 {metaspace After GC invocations=70 (full 3):
 Metaspace       used 72570K, committed 73984K, reserved 1179648K
  class space    used 6430K, committed 7040K, reserved 1048576K
}
Event: 2321.603 {metaspace Before GC invocations=71 (full 3):
 Metaspace       used 72612K, committed 73984K, reserved 1179648K
  class space    used 6433K, committed 7040K, reserved 1048576K
}
Event: 2321.607 {metaspace After GC invocations=71 (full 3):
 Metaspace       used 72612K, committed 73984K, reserved 1179648K
  class space    used 6433K, committed 7040K, reserved 1048576K
}
Event: 6519.503 {metaspace Before GC invocations=72 (full 3):
 Metaspace       used 73004K, committed 74368K, reserved 1179648K
  class space    used 6477K, committed 7040K, reserved 1048576K
}
Event: 6519.519 {metaspace After GC invocations=72 (full 3):
 Metaspace       used 73004K, committed 74368K, reserved 1179648K
  class space    used 6477K, committed 7040K, reserved 1048576K
}
Event: 6520.191 {metaspace Before GC invocations=73 (full 3):
 Metaspace       used 73437K, committed 74880K, reserved 1179648K
  class space    used 6526K, committed 7168K, reserved 1048576K
}
Event: 6520.195 {metaspace After GC invocations=73 (full 3):
 Metaspace       used 73437K, committed 74880K, reserved 1179648K
  class space    used 6526K, committed 7168K, reserved 1048576K
}

